<?xml version="1.0" encoding="UTF-8"?>
<!-- Generated by org.testng.reporters.JUnitReportReporter -->
<testsuite hostname="blr-mp3nl" failures="0" tests="1" name="DemoTestScripts.AutoSuggestion" time="41.307" errors="0" timestamp="2023-02-24T15:52:57 IST" skipped="0">
  <testcase classname="DemoTestScripts.AutoSuggestion" name="autoSuggestion" time="41.307"/>
  <system-out/>
</testsuite> <!-- DemoTestScripts.AutoSuggestion -->
