<?xml version="1.0" encoding="UTF-8"?>
<!-- Generated by org.testng.reporters.JUnitReportReporter -->
<testsuite hostname="blr-mp3nl" failures="0" tests="2" name="DemoTestScripts.SkipTestScript" time="0.003" errors="0" timestamp="2023-02-24T15:49:03 IST" skipped="1">
  <testcase classname="DemoTestScripts.SkipTestScript" name="test1" time="0.003"/>
  <system-out/>
  <testcase classname="DemoTestScripts.SkipTestScript" name="test2">
    <skipped/>
  </testcase> <!-- test2 -->
  <system-out/>
</testsuite> <!-- DemoTestScripts.SkipTestScript -->
