<?xml version="1.0" encoding="UTF-8"?>
<!-- Generated by org.testng.reporters.JUnitReportReporter -->
<testsuite hostname="blr-mp3nl" failures="0" tests="2" name="DemoTestScripts.Priority_NG" time="0.039" errors="0" timestamp="2023-02-24T15:49:03 IST" skipped="1">
  <testcase classname="DemoTestScripts.Priority_NG" name="test2" time="0.039"/>
  <system-out/>
  <testcase classname="DemoTestScripts.Priority_NG" name="test1">
    <skipped/>
  </testcase> <!-- test1 -->
  <system-out/>
</testsuite> <!-- DemoTestScripts.Priority_NG -->
