<?xml version="1.0" encoding="UTF-8"?>
<!-- Generated by org.testng.reporters.JUnitReportReporter -->
<testsuite hostname="blr-mp3nl" failures="0" tests="2" name="Webex_Automation.Validate_Deleting_Room" time="126.826" errors="0" timestamp="2023-02-07T13:16:58 IST" skipped="0">
  <testcase classname="Webex_Automation.Validate_Deleting_Room" name="deleteRoom" time="2.595"/>
  <system-out/>
  <testcase classname="Webex_Automation.Validate_Deleting_Room" name="deleteSpace" time="124.231"/>
  <system-out/>
</testsuite> <!-- Webex_Automation.Validate_Deleting_Room -->
