<?xml version="1.0" encoding="UTF-8"?>
<!-- Generated by org.testng.reporters.JUnitReportReporter -->
<testsuite hostname="blr-mp3nl" failures="0" tests="1" name="ValidateWebexMessage" time="3.624" errors="0" timestamp="2023-02-06T19:44:20 IST" skipped="0">
  <testcase classname="ValidateWebexMessage" name="createRoom" time="3.624"/>
  <system-out/>
</testsuite> <!-- ValidateWebexMessage -->
