<?xml version="1.0" encoding="UTF-8"?>
<!-- Generated by org.testng.reporters.JUnitReportReporter -->
<testsuite hostname="blr-mp3nl" failures="0" tests="2" name="Webex_Automation.Validate_Creating_Rooms" time="58.091" errors="0" timestamp="2023-02-07T13:05:17 IST" skipped="0">
  <testcase classname="Webex_Automation.Validate_Creating_Rooms" name="createRoom" time="3.455"/>
  <system-out/>
  <testcase classname="Webex_Automation.Validate_Creating_Rooms" name="validateRoom" time="54.636"/>
  <system-out/>
</testsuite> <!-- Webex_Automation.Validate_Creating_Rooms -->
