<?xml version="1.0" encoding="UTF-8"?>
<!-- Generated by org.testng.reporters.JUnitReportReporter -->
<testsuite hostname="blr-mp3nl" failures="0" tests="1" name="DemoTestScripts.Test1" time="7.127" errors="0" timestamp="2023-02-24T13:24:41 IST" skipped="0">
  <testcase classname="DemoTestScripts.Test1" name="demo" time="7.127"/>
  <system-out/>
</testsuite> <!-- DemoTestScripts.Test1 -->
