<?xml version="1.0" encoding="UTF-8"?>
<!-- Generated by org.testng.reporters.JUnitReportReporter -->
<testsuite hostname="blr-mp3nl" failures="0" tests="5" name="DemoTestScripts.InvocationCount" time="0.008" errors="0" timestamp="2023-02-24T15:49:03 IST" skipped="0">
  <testcase classname="DemoTestScripts.InvocationCount" name="test2" time="0.001"/>
  <system-out/>
  <testcase classname="DemoTestScripts.InvocationCount" name="test2" time="0.002"/>
  <system-out/>
  <testcase classname="DemoTestScripts.InvocationCount" name="test2" time="0.001"/>
  <system-out/>
  <testcase classname="DemoTestScripts.InvocationCount" name="test2" time="0.002"/>
  <system-out/>
  <testcase classname="DemoTestScripts.InvocationCount" name="test2" time="0.002"/>
  <system-out/>
</testsuite> <!-- DemoTestScripts.InvocationCount -->
